<?xml version="1.0" encoding="UTF-8"?>
<!-- Generated by org.testng.reporters.JUnitXMLReporter -->
<testsuite hostname="DESKTOP-U62RH9G" ignored="0" name="Login and Update Profile Test" tests="2" failures="2" timestamp="06 oct 2020 18:35:04 GMT" time="1.731" errors="0">
  <testcase name="runScenario" time="0.958" classname="cucumber.api.testng.AbstractTestNGCucumberTests">
    <failure type="java.lang.IllegalArgumentException" message="No enum constant api.config.EntityConfiguration.LOGEAR">
      <![CDATA[java.lang.IllegalArgumentException: No enum constant api.config.EntityConfiguration.LOGEAR
at java.lang.Enum.valueOf(Enum.java:238)
at api.config.EntityConfiguration.valueOf(EntityConfiguration.java:5)
at ar.steps.SwaggerSteps.realizoUnaPeticion(SwaggerSteps.java:24)
at ✽.realizo una peticion operacion POST al LOGEAR usando request/post(file:src/test/resources/features/ApiFinalProyect.feature:5)
]]>
    </failure>
  </testcase> <!-- runScenario -->
  <testcase name="runScenario" time="0.078" classname="cucumber.api.testng.AbstractTestNGCucumberTests">
    <failure type="java.lang.NoSuchMethodException" message="services.AverageDurationService.get(java.lang.String, java.util.Map)">
      <![CDATA[java.lang.NoSuchMethodException: services.AverageDurationService.get(java.lang.String, java.util.Map)
at java.lang.Class.getMethod(Class.java:1786)
at ar.steps.SwaggerSteps.doRequest(SwaggerSteps.java:49)
at ✽.realiza una peticion operacion GET del entity AVERAGE_DURATION utilizando este request doToken y reportsLength:1(file:src/test/resources/features/ApiFinalProyect.feature:15)
]]>
    </failure>
  </testcase> <!-- runScenario -->
</testsuite> <!-- Login and Update Profile Test -->
